12:49:59.464 [Daemon worker Thread 2] INFO  o.a.AndroidAnnotationProcessor:83 - Initialize AndroidAnnotations 3.3.2 with options {androidManifestFile=C:\Users\student7.WZR\Documents\Anius\app\AndroidApp400-master\app\build\intermediates\manifests\full\debug\AndroidManifest.xml}
12:49:59.535 [Daemon worker Thread 2] INFO  o.a.AndroidAnnotationProcessor:107 - Start processing for 12 annotations on 8 elements
12:49:59.549 [Daemon worker Thread 2] DEBUG o.a.h.AndroidManifestFinder:98 - AndroidManifest.xml file found with specified path: C:\Users\student7.WZR\Documents\Anius\app\AndroidApp400-master\app\build\intermediates\manifests\full\debug\AndroidManifest.xml
12:49:59.692 [Daemon worker Thread 2] INFO  o.a.AndroidAnnotationProcessor:170 - AndroidManifest.xml found: AndroidManifest [applicationPackage=pl.edu.ug.aib.firstApp, componentQualifiedNames=[pl.edu.ug.aib.firstApp.FirstActivity_, pl.edu.ug.aib.firstApp.SecondActivity_], permissionQualifiedNames=[], applicationClassName=null, libraryProject=false, debugabble=false, minSdkVersion=10, maxSdkVersion=-1, targetSdkVersion=23]
12:49:59.694 [Daemon worker Thread 2] INFO  o.a.r.ProjectRClassFinder:50 - Found project R class: pl.edu.ug.aib.firstApp.R
12:49:59.704 [Daemon worker Thread 2] INFO  o.a.r.AndroidRClassFinder:44 - Found Android class: android.R
12:49:59.733 [Daemon worker Thread 2] INFO  o.a.p.ModelValidator:42 - Validating elements
12:49:59.733 [Daemon worker Thread 2] DEBUG o.a.p.ModelValidator:62 - Validating with EActivityHandler: [pl.edu.ug.aib.firstApp.FirstActivity, pl.edu.ug.aib.firstApp.SecondActivity]
12:49:59.738 [Daemon worker Thread 2] DEBUG o.a.p.ModelValidator:62 - Validating with EBeanHandler: [pl.edu.ug.aib.firstApp.adapter.PersonListAdapter]
12:49:59.739 [Daemon worker Thread 2] DEBUG o.a.p.ModelValidator:62 - Validating with EViewGroupHandler: [pl.edu.ug.aib.firstApp.itemView.PersonItemView]
12:49:59.740 [Daemon worker Thread 2] DEBUG o.a.p.ModelValidator:62 - Validating with ViewByIdHandler: [username, password, list, welcomeText, phoneNumber, acronym, name, company]
12:49:59.740 [Daemon worker Thread 2] ERROR o.a.h.AnnotationHelper:128 - Resource name not found in R.id: username
12:49:59.740 [Daemon worker Thread 2] WARN  o.a.p.ModelValidator:69 - Element ViewByIdHandler unvalidated by 
12:49:59.740 [Daemon worker Thread 2] ERROR o.a.h.AnnotationHelper:128 - Resource name not found in R.id: password
12:49:59.740 [Daemon worker Thread 2] WARN  o.a.p.ModelValidator:69 - Element ViewByIdHandler unvalidated by 
12:49:59.740 [Daemon worker Thread 2] DEBUG o.a.p.ModelValidator:62 - Validating with ClickHandler: [loginClicked(), dialClicked()]
12:49:59.740 [Daemon worker Thread 2] DEBUG o.a.p.ModelValidator:62 - Validating with ItemClickHandler: [listItemClicked(java.lang.String)]
12:49:59.740 [Daemon worker Thread 2] DEBUG o.a.p.ModelValidator:62 - Validating with BeanHandler: [adapter]
12:49:59.740 [Daemon worker Thread 2] DEBUG o.a.p.ModelValidator:62 - Validating with OptionsMenuHandler: [pl.edu.ug.aib.firstApp.FirstActivity]
12:49:59.740 [Daemon worker Thread 2] DEBUG o.a.p.ModelValidator:62 - Validating with OptionsItemHandler: [settingsSelected()]
12:49:59.740 [Daemon worker Thread 2] DEBUG o.a.p.ModelValidator:62 - Validating with RootContextHandler: [context]
12:49:59.740 [Daemon worker Thread 2] DEBUG o.a.p.ModelValidator:62 - Validating with ExtraHandler: [username]
12:49:59.740 [Daemon worker Thread 2] DEBUG o.a.p.ModelValidator:62 - Validating with AfterViewsHandler: [init(), init()]
12:49:59.756 [Daemon worker Thread 2] INFO  o.a.p.ModelProcessor:74 - Processing root elements
12:49:59.756 [Daemon worker Thread 2] DEBUG o.a.p.ModelProcessor:176 - Processing root elements EActivityHandler: [pl.edu.ug.aib.firstApp.FirstActivity, pl.edu.ug.aib.firstApp.SecondActivity]
12:49:59.787 [Daemon worker Thread 2] DEBUG o.a.p.ModelProcessor:176 - Processing root elements EBeanHandler: [pl.edu.ug.aib.firstApp.adapter.PersonListAdapter]
12:49:59.787 [Daemon worker Thread 2] DEBUG o.a.p.ModelProcessor:176 - Processing root elements EViewGroupHandler: [pl.edu.ug.aib.firstApp.itemView.PersonItemView]
12:49:59.787 [Daemon worker Thread 2] INFO  o.a.p.ModelProcessor:86 - Processing enclosed elements
12:49:59.803 [Daemon worker Thread 2] INFO  o.a.AndroidAnnotationProcessor:249 - Number of files generated by AndroidAnnotations: 4
12:49:59.803 [Daemon worker Thread 2] INFO  o.a.g.ApiCodeGenerator:52 - Writting following API classes in project: []
12:49:59.803 [Daemon worker Thread 2] DEBUG o.a.g.SourceCodewriter:55 - Generating class: pl.edu.ug.aib.firstApp.itemView.PersonItemView_
12:49:59.835 [Daemon worker Thread 2] DEBUG o.a.g.SourceCodewriter:55 - Generating class: pl.edu.ug.aib.firstApp.adapter.PersonListAdapter_
12:49:59.843 [Daemon worker Thread 2] DEBUG o.a.g.SourceCodewriter:55 - Generating class: pl.edu.ug.aib.firstApp.FirstActivity_
12:49:59.872 [Daemon worker Thread 2] DEBUG o.a.g.SourceCodewriter:55 - Generating class: pl.edu.ug.aib.firstApp.SecondActivity_
12:49:59.894 [Daemon worker Thread 2] INFO  o.a.p.TimeStats:81 - Time measurements: [Whole Processing = 359 ms], [Extract Manifest = 144 ms], [Generate Sources = 91 ms], [Process Annotations = 47 ms], [Find R Classes = 27 ms], [Extract Annotations = 13 ms], [Validate Annotations = 7 ms], 
12:49:59.894 [Daemon worker Thread 2] INFO  o.a.AndroidAnnotationProcessor:121 - Finish processing
12:51:23.484 [Daemon worker Thread 3] INFO  o.a.AndroidAnnotationProcessor:83 - Initialize AndroidAnnotations 3.3.2 with options {androidManifestFile=C:\Users\student7.WZR\Documents\Anius\app\AndroidApp400-master\app\build\intermediates\manifests\full\debug\AndroidManifest.xml}
12:51:23.581 [Daemon worker Thread 3] INFO  o.a.AndroidAnnotationProcessor:107 - Start processing for 12 annotations on 8 elements
12:51:23.587 [Daemon worker Thread 3] DEBUG o.a.h.AndroidManifestFinder:98 - AndroidManifest.xml file found with specified path: C:\Users\student7.WZR\Documents\Anius\app\AndroidApp400-master\app\build\intermediates\manifests\full\debug\AndroidManifest.xml
12:51:23.592 [Daemon worker Thread 3] INFO  o.a.AndroidAnnotationProcessor:170 - AndroidManifest.xml found: AndroidManifest [applicationPackage=pl.edu.ug.aib.firstApp, componentQualifiedNames=[pl.edu.ug.aib.firstApp.FirstActivity_, pl.edu.ug.aib.firstApp.SecondActivity_], permissionQualifiedNames=[], applicationClassName=null, libraryProject=false, debugabble=false, minSdkVersion=10, maxSdkVersion=-1, targetSdkVersion=23]
12:51:23.593 [Daemon worker Thread 3] INFO  o.a.r.ProjectRClassFinder:50 - Found project R class: pl.edu.ug.aib.firstApp.R
12:51:23.601 [Daemon worker Thread 3] INFO  o.a.r.AndroidRClassFinder:44 - Found Android class: android.R
12:51:23.620 [Daemon worker Thread 3] INFO  o.a.p.ModelValidator:42 - Validating elements
12:51:23.620 [Daemon worker Thread 3] DEBUG o.a.p.ModelValidator:62 - Validating with EActivityHandler: [pl.edu.ug.aib.firstApp.FirstActivity, pl.edu.ug.aib.firstApp.SecondActivity]
12:51:23.623 [Daemon worker Thread 3] DEBUG o.a.p.ModelValidator:62 - Validating with EBeanHandler: [pl.edu.ug.aib.firstApp.adapter.PersonListAdapter]
12:51:23.624 [Daemon worker Thread 3] DEBUG o.a.p.ModelValidator:62 - Validating with EViewGroupHandler: [pl.edu.ug.aib.firstApp.itemView.PersonItemView]
12:51:23.625 [Daemon worker Thread 3] DEBUG o.a.p.ModelValidator:62 - Validating with ViewByIdHandler: [username, password, list, welcomeText, phoneNumber, acronym, name, company]
12:51:23.628 [Daemon worker Thread 3] ERROR o.a.h.AnnotationHelper:128 - Resource name not found in R.id: username
12:51:23.629 [Daemon worker Thread 3] WARN  o.a.p.ModelValidator:69 - Element ViewByIdHandler unvalidated by 
12:51:23.629 [Daemon worker Thread 3] ERROR o.a.h.AnnotationHelper:128 - Resource name not found in R.id: password
12:51:23.630 [Daemon worker Thread 3] WARN  o.a.p.ModelValidator:69 - Element ViewByIdHandler unvalidated by 
12:51:23.632 [Daemon worker Thread 3] DEBUG o.a.p.ModelValidator:62 - Validating with ClickHandler: [loginClicked(), dialClicked()]
12:51:23.635 [Daemon worker Thread 3] DEBUG o.a.p.ModelValidator:62 - Validating with ItemClickHandler: [listItemClicked(java.lang.String)]
12:51:23.642 [Daemon worker Thread 3] DEBUG o.a.p.ModelValidator:62 - Validating with BeanHandler: [adapter]
12:51:23.643 [Daemon worker Thread 3] DEBUG o.a.p.ModelValidator:62 - Validating with OptionsMenuHandler: [pl.edu.ug.aib.firstApp.FirstActivity]
12:51:23.644 [Daemon worker Thread 3] DEBUG o.a.p.ModelValidator:62 - Validating with OptionsItemHandler: [settingsSelected()]
12:51:23.649 [Daemon worker Thread 3] DEBUG o.a.p.ModelValidator:62 - Validating with RootContextHandler: [context]
12:51:23.650 [Daemon worker Thread 3] DEBUG o.a.p.ModelValidator:62 - Validating with ExtraHandler: [username]
12:51:23.654 [Daemon worker Thread 3] DEBUG o.a.p.ModelValidator:62 - Validating with AfterViewsHandler: [init(), init()]
12:51:23.662 [Daemon worker Thread 3] INFO  o.a.p.ModelProcessor:74 - Processing root elements
12:51:23.663 [Daemon worker Thread 3] DEBUG o.a.p.ModelProcessor:176 - Processing root elements EActivityHandler: [pl.edu.ug.aib.firstApp.FirstActivity, pl.edu.ug.aib.firstApp.SecondActivity]
12:51:23.719 [Daemon worker Thread 3] DEBUG o.a.p.ModelProcessor:176 - Processing root elements EBeanHandler: [pl.edu.ug.aib.firstApp.adapter.PersonListAdapter]
12:51:23.720 [Daemon worker Thread 3] DEBUG o.a.p.ModelProcessor:176 - Processing root elements EViewGroupHandler: [pl.edu.ug.aib.firstApp.itemView.PersonItemView]
12:51:23.725 [Daemon worker Thread 3] INFO  o.a.p.ModelProcessor:86 - Processing enclosed elements
12:51:23.733 [Daemon worker Thread 3] INFO  o.a.AndroidAnnotationProcessor:249 - Number of files generated by AndroidAnnotations: 4
12:51:23.735 [Daemon worker Thread 3] INFO  o.a.g.ApiCodeGenerator:52 - Writting following API classes in project: []
12:51:23.737 [Daemon worker Thread 3] DEBUG o.a.g.SourceCodewriter:55 - Generating class: pl.edu.ug.aib.firstApp.itemView.PersonItemView_
12:51:23.753 [Daemon worker Thread 3] DEBUG o.a.g.SourceCodewriter:55 - Generating class: pl.edu.ug.aib.firstApp.adapter.PersonListAdapter_
12:51:23.755 [Daemon worker Thread 3] DEBUG o.a.g.SourceCodewriter:55 - Generating class: pl.edu.ug.aib.firstApp.FirstActivity_
12:51:23.778 [Daemon worker Thread 3] DEBUG o.a.g.SourceCodewriter:55 - Generating class: pl.edu.ug.aib.firstApp.SecondActivity_
12:51:23.796 [Daemon worker Thread 3] INFO  o.a.p.TimeStats:81 - Time measurements: [Whole Processing = 215 ms], [Process Annotations = 78 ms], [Generate Sources = 63 ms], [Validate Annotations = 36 ms], [Find R Classes = 18 ms], [Extract Manifest = 6 ms], [Extract Annotations = 4 ms], 
12:51:23.796 [Daemon worker Thread 3] INFO  o.a.AndroidAnnotationProcessor:121 - Finish processing
12:54:50.731 [Daemon worker Thread 4] INFO  o.a.AndroidAnnotationProcessor:83 - Initialize AndroidAnnotations 3.3.2 with options {androidManifestFile=C:\Users\student7.WZR\Documents\Anius\app\AndroidApp400-master\app\build\intermediates\manifests\full\debug\AndroidManifest.xml}
12:54:50.844 [Daemon worker Thread 4] INFO  o.a.AndroidAnnotationProcessor:107 - Start processing for 12 annotations on 8 elements
12:54:50.851 [Daemon worker Thread 4] DEBUG o.a.h.AndroidManifestFinder:98 - AndroidManifest.xml file found with specified path: C:\Users\student7.WZR\Documents\Anius\app\AndroidApp400-master\app\build\intermediates\manifests\full\debug\AndroidManifest.xml
12:54:50.878 [Daemon worker Thread 4] INFO  o.a.AndroidAnnotationProcessor:170 - AndroidManifest.xml found: AndroidManifest [applicationPackage=pl.edu.ug.aib.firstApp, componentQualifiedNames=[pl.edu.ug.aib.firstApp.FirstActivity_, pl.edu.ug.aib.firstApp.SecondActivity_], permissionQualifiedNames=[], applicationClassName=null, libraryProject=false, debugabble=false, minSdkVersion=10, maxSdkVersion=-1, targetSdkVersion=23]
12:54:50.879 [Daemon worker Thread 4] INFO  o.a.r.ProjectRClassFinder:50 - Found project R class: pl.edu.ug.aib.firstApp.R
12:54:50.891 [Daemon worker Thread 4] INFO  o.a.r.AndroidRClassFinder:44 - Found Android class: android.R
12:54:50.913 [Daemon worker Thread 4] INFO  o.a.p.ModelValidator:42 - Validating elements
12:54:50.913 [Daemon worker Thread 4] DEBUG o.a.p.ModelValidator:62 - Validating with EActivityHandler: [pl.edu.ug.aib.firstApp.FirstActivity, pl.edu.ug.aib.firstApp.SecondActivity]
12:54:50.916 [Daemon worker Thread 4] DEBUG o.a.p.ModelValidator:62 - Validating with EBeanHandler: [pl.edu.ug.aib.firstApp.adapter.PersonListAdapter]
12:54:50.916 [Daemon worker Thread 4] DEBUG o.a.p.ModelValidator:62 - Validating with EViewGroupHandler: [pl.edu.ug.aib.firstApp.itemView.PersonItemView]
12:54:50.917 [Daemon worker Thread 4] DEBUG o.a.p.ModelValidator:62 - Validating with ViewByIdHandler: [username, password, list, welcomeText, phoneNumber, acronym, name, company]
12:54:50.919 [Daemon worker Thread 4] ERROR o.a.h.AnnotationHelper:128 - Resource name not found in R.id: username
12:54:50.919 [Daemon worker Thread 4] WARN  o.a.p.ModelValidator:69 - Element ViewByIdHandler unvalidated by 
12:54:50.920 [Daemon worker Thread 4] ERROR o.a.h.AnnotationHelper:128 - Resource name not found in R.id: password
12:54:50.920 [Daemon worker Thread 4] WARN  o.a.p.ModelValidator:69 - Element ViewByIdHandler unvalidated by 
12:54:50.922 [Daemon worker Thread 4] DEBUG o.a.p.ModelValidator:62 - Validating with ClickHandler: [loginClicked(), dialClicked()]
12:54:50.924 [Daemon worker Thread 4] DEBUG o.a.p.ModelValidator:62 - Validating with ItemClickHandler: [listItemClicked(java.lang.String)]
12:54:50.925 [Daemon worker Thread 4] DEBUG o.a.p.ModelValidator:62 - Validating with BeanHandler: [adapter]
12:54:50.926 [Daemon worker Thread 4] DEBUG o.a.p.ModelValidator:62 - Validating with OptionsMenuHandler: [pl.edu.ug.aib.firstApp.FirstActivity]
12:54:50.927 [Daemon worker Thread 4] DEBUG o.a.p.ModelValidator:62 - Validating with OptionsItemHandler: [settingsSelected()]
12:54:50.928 [Daemon worker Thread 4] DEBUG o.a.p.ModelValidator:62 - Validating with RootContextHandler: [context]
12:54:50.930 [Daemon worker Thread 4] DEBUG o.a.p.ModelValidator:62 - Validating with ExtraHandler: [username]
12:54:50.931 [Daemon worker Thread 4] DEBUG o.a.p.ModelValidator:62 - Validating with AfterViewsHandler: [init(), init()]
12:54:50.940 [Daemon worker Thread 4] INFO  o.a.p.ModelProcessor:74 - Processing root elements
12:54:50.941 [Daemon worker Thread 4] DEBUG o.a.p.ModelProcessor:176 - Processing root elements EActivityHandler: [pl.edu.ug.aib.firstApp.FirstActivity, pl.edu.ug.aib.firstApp.SecondActivity]
12:54:50.974 [Daemon worker Thread 4] DEBUG o.a.p.ModelProcessor:176 - Processing root elements EBeanHandler: [pl.edu.ug.aib.firstApp.adapter.PersonListAdapter]
12:54:50.975 [Daemon worker Thread 4] DEBUG o.a.p.ModelProcessor:176 - Processing root elements EViewGroupHandler: [pl.edu.ug.aib.firstApp.itemView.PersonItemView]
12:54:50.980 [Daemon worker Thread 4] INFO  o.a.p.ModelProcessor:86 - Processing enclosed elements
12:54:50.988 [Daemon worker Thread 4] INFO  o.a.AndroidAnnotationProcessor:249 - Number of files generated by AndroidAnnotations: 4
12:54:50.990 [Daemon worker Thread 4] INFO  o.a.g.ApiCodeGenerator:52 - Writting following API classes in project: []
12:54:50.992 [Daemon worker Thread 4] DEBUG o.a.g.SourceCodewriter:55 - Generating class: pl.edu.ug.aib.firstApp.itemView.PersonItemView_
12:54:51.11 [Daemon worker Thread 4] DEBUG o.a.g.SourceCodewriter:55 - Generating class: pl.edu.ug.aib.firstApp.adapter.PersonListAdapter_
12:54:51.15 [Daemon worker Thread 4] DEBUG o.a.g.SourceCodewriter:55 - Generating class: pl.edu.ug.aib.firstApp.FirstActivity_
12:54:51.35 [Daemon worker Thread 4] DEBUG o.a.g.SourceCodewriter:55 - Generating class: pl.edu.ug.aib.firstApp.SecondActivity_
12:54:51.54 [Daemon worker Thread 4] INFO  o.a.p.TimeStats:81 - Time measurements: [Whole Processing = 210 ms], [Generate Sources = 66 ms], [Process Annotations = 56 ms], [Extract Manifest = 28 ms], [Find R Classes = 26 ms], [Validate Annotations = 20 ms], [Extract Annotations = 5 ms], 
12:54:51.55 [Daemon worker Thread 4] INFO  o.a.AndroidAnnotationProcessor:121 - Finish processing
